'instance_name' scripting variable not defined.
'dba_user_pwd' scripting variable not defined.
Changed database context to 'ANGEL_TO_001_TEST4'.
 
===============================================================================
=          Starting script _drop_chis_all_objects.sql                         =
===============================================================================
 
 
===============================================================================
=          Starting script dc_00404.sql                                =
===============================================================================
 
Msg 2714, Level 16, State 3, Server SRV-TS, Procedure uspVREP_WAREHOUSE_INCOME_COMMON_SelectAll, Line 68
There is already an object named 'uspVREP_WAREHOUSE_INCOME_COMMON_SelectAll' in the database.
Msg 2714, Level 16, State 3, Server SRV-TS, Procedure uspVREP_WAREHOUSE_DEMAND_COMMON_SelectAll, Line 68
There is already an object named 'uspVREP_WAREHOUSE_DEMAND_COMMON_SelectAll' in the database.
Msg 2714, Level 16, State 3, Server SRV-TS, Procedure uspVREP_CAR_EXIT_SelectByDate, Line 84
There is already an object named 'uspVREP_CAR_EXIT_SelectByDate' in the database.
 
===============================================================================
=          Registering devchange                                              =
===============================================================================
 
Registering devchange.
Msg 2627, Level 14, State 1, Server SRV-TS, Line 2
Violation of PRIMARY KEY constraint 'SYS_DC_PK'. Cannot insert duplicate key in object 'dbo.sys_dc'.
The statement has been terminated.
 
finish_time            
-----------------------
2009-04-02 12:59:34.247

(1 rows affected)
 
===============================================================================
=          Script dc_00404.sql finished                                =
===============================================================================
 
 
===============================================================================
=          Starting script _add_chis_all_objects.sql                          =
===============================================================================
 
