Контекст базы данных изменен на "ANGEL_TO_001_DEV".
 
===============================================================================
=          Starting script dc_00298.sql                                =
===============================================================================
 
start_time             
-----------------------
2008-06-15 16:52:45.233

(1 rows affected)
 
user                                                                                                                            
--------------------------------------------------------------------------------------------------------------------------------
ANGEL_TO_001_DEV_ADMIN                                                                                                          

(1 rows affected)
 
===============================================================================
=          Registering devchange                                              =
===============================================================================
 
Registering devchange.

(1 rows affected)
 
finish_time            
-----------------------
2008-06-15 16:52:45.717

(1 rows affected)
 
===============================================================================
=          Script dc_00298.sql finished                                =
===============================================================================
 
