'instance_name' scripting variable not defined.
'dba_user_pwd' scripting variable not defined.
Changed database context to 'ANGEL_TO_001_TEST4'.
 
===============================================================================
=          Starting script _drop_chis_all_objects.sql                         =
===============================================================================
 
 
===============================================================================
=          Starting script dc_00475.sql                                =
===============================================================================
 

(1 rows affected)
 
===============================================================================
=          Registering devchange                                              =
===============================================================================
 
Registering devchange.

(1 rows affected)
 
finish_time            
-----------------------
2009-07-06 09:28:51.920

(1 rows affected)
 
===============================================================================
=          Script dc_00475.sql finished                                =
===============================================================================
 
