'instance_name' scripting variable not defined.
'dba_user_pwd' scripting variable not defined.
Changed database context to 'ANGEL_TO_001_TEST4'.
 
===============================================================================
=          Starting script _drop_chis_all_objects.sql                         =
===============================================================================
 
 
===============================================================================
=          Starting script dc_00451.sql                                =
===============================================================================
 

(447 rows affected)

(1808 rows affected)

(33 rows affected)

(87 rows affected)
 
===============================================================================
=          Registering devchange                                              =
===============================================================================
 
Registering devchange.

(1 rows affected)
 
finish_time            
-----------------------
2009-04-20 12:15:36.297

(1 rows affected)
 
===============================================================================
=          Script dc_00451.sql finished                                =
===============================================================================
 
