'instance_name' scripting variable not defined.
'dba_user_pwd' scripting variable not defined.
Changed database context to 'ANGEL_TO_001_TEST4'.
 
===============================================================================
=          Starting script _drop_chis_all_objects.sql                         =
===============================================================================
 
 
===============================================================================
=          Starting script dc_00427.sql                                =
===============================================================================
 
Msg 2714, Level 16, State 6, Server SRV-TS, Line 1
There is already an object named 'CCAR_CAR_NOEXIT_REASON_TYPE' in the database.
Msg 15233, Level 16, State 1, Server SRV-TS, Procedure sp_addextendedproperty, Line 38
Property cannot be added. Property 'MS_Description' already exists for 'dbo.CCAR_CAR_NOEXIT_REASON_TYPE.id'.
Msg 15233, Level 16, State 1, Server SRV-TS, Procedure sp_addextendedproperty, Line 38
Property cannot be added. Property 'MS_Description' already exists for 'dbo.CCAR_CAR_NOEXIT_REASON_TYPE.sys_status'.
Msg 15233, Level 16, State 1, Server SRV-TS, Procedure sp_addextendedproperty, Line 38
Property cannot be added. Property 'MS_Description' already exists for 'dbo.CCAR_CAR_NOEXIT_REASON_TYPE.sys_comment'.
Msg 15233, Level 16, State 1, Server SRV-TS, Procedure sp_addextendedproperty, Line 38
Property cannot be added. Property 'MS_Description' already exists for 'dbo.CCAR_CAR_NOEXIT_REASON_TYPE.sys_date_modified'.
Msg 15233, Level 16, State 1, Server SRV-TS, Procedure sp_addextendedproperty, Line 38
Property cannot be added. Property 'MS_Description' already exists for 'dbo.CCAR_CAR_NOEXIT_REASON_TYPE.sys_date_created'.
Msg 15233, Level 16, State 1, Server SRV-TS, Procedure sp_addextendedproperty, Line 38
Property cannot be added. Property 'MS_Description' already exists for 'dbo.CCAR_CAR_NOEXIT_REASON_TYPE.sys_user_modified'.
Msg 15233, Level 16, State 1, Server SRV-TS, Procedure sp_addextendedproperty, Line 38
Property cannot be added. Property 'MS_Description' already exists for 'dbo.CCAR_CAR_NOEXIT_REASON_TYPE.sys_user_created'.
Msg 15233, Level 16, State 1, Server SRV-TS, Procedure sp_addextendedproperty, Line 38
Property cannot be added. Property 'MS_Description' already exists for 'dbo.CCAR_CAR_NOEXIT_REASON_TYPE.short_name'.
Msg 15233, Level 16, State 1, Server SRV-TS, Procedure sp_addextendedproperty, Line 38
Property cannot be added. Property 'MS_Description' already exists for 'dbo.CCAR_CAR_NOEXIT_REASON_TYPE.full_name'.
Msg 15233, Level 16, State 1, Server SRV-TS, Procedure sp_addextendedproperty, Line 38
Property cannot be added. Property 'MS_Description' already exists for 'dbo.CCAR_CAR_NOEXIT_REASON_TYPE'.
Msg 2705, Level 16, State 4, Server SRV-TS, Line 4
Column names in each table must be unique. Column name 'rownum' in table 'dbo.cdrv_driver_plan_detail' is specified more than once.
Msg 2705, Level 16, State 4, Server SRV-TS, Line 2
Column names in each table must be unique. Column name 'organization_id' in table 'dbo.cdrv_driver_plan_detail' is specified more than once.
Msg 2705, Level 16, State 4, Server SRV-TS, Line 2
Column names in each table must be unique. Column name 'car_kind_id' in table 'dbo.cdrv_driver_plan_detail' is specified more than once.
Msg 2705, Level 16, State 4, Server SRV-TS, Line 3
Column names in each table must be unique. Column name 'organization_sname' in table 'dbo.cdrv_driver_plan_detail' is specified more than once.
Msg 2705, Level 16, State 4, Server SRV-TS, Line 2
Column names in each table must be unique. Column name 'car_kind_sname' in table 'dbo.cdrv_driver_plan_detail' is specified more than once.
Msg 15233, Level 16, State 1, Server SRV-TS, Procedure sp_addextendedproperty, Line 38
Property cannot be added. Property 'MS_Description' already exists for 'dbo.cdrv_driver_plan_detail.rownum'.
Msg 15233, Level 16, State 1, Server SRV-TS, Procedure sp_addextendedproperty, Line 38
Property cannot be added. Property 'MS_Description' already exists for 'dbo.cdrv_driver_plan_detail.organization_id'.
Msg 15233, Level 16, State 1, Server SRV-TS, Procedure sp_addextendedproperty, Line 38
Property cannot be added. Property 'MS_Description' already exists for 'dbo.cdrv_driver_plan_detail.organization_sname'.
Msg 15233, Level 16, State 1, Server SRV-TS, Procedure sp_addextendedproperty, Line 38
Property cannot be added. Property 'MS_Description' already exists for 'dbo.cdrv_driver_plan_detail.car_kind_id'.
Msg 15233, Level 16, State 1, Server SRV-TS, Procedure sp_addextendedproperty, Line 38
Property cannot be added. Property 'MS_Description' already exists for 'dbo.cdrv_driver_plan_detail.car_kind_sname'.
Msg 1913, Level 16, State 1, Server SRV-TS, Line 2
The operation failed because an index or statistics with name 'ifk_drv_driver_plan_detail_org_id' already exists on table 'dbo.cdrv_driver_plan_detail'.
Msg 1913, Level 16, State 1, Server SRV-TS, Line 2
The operation failed because an index or statistics with name 'ifk_drv_driver_plan_detail_car_kind_id' already exists on table 'dbo.cdrv_driver_plan_detail'.
Msg 2714, Level 16, State 4, Server SRV-TS, Line 4
There is already an object named 'cdrv_driver_plan_detail_organization_ID_FK' in the database.
Msg 1750, Level 16, State 1, Server SRV-TS, Line 4
Could not create constraint. See previous errors.
Msg 2714, Level 16, State 4, Server SRV-TS, Line 2
There is already an object named 'cdrv_driver_plan_detail_car_kind_ID_FK' in the database.
Msg 1750, Level 16, State 1, Server SRV-TS, Line 2
Could not create constraint. See previous errors.
 
===============================================================================
=          Registering devchange                                              =
===============================================================================
 
Registering devchange.
Msg 2627, Level 14, State 1, Server SRV-TS, Line 2
Violation of PRIMARY KEY constraint 'SYS_DC_PK'. Cannot insert duplicate key in object 'dbo.sys_dc'.
The statement has been terminated.
 
finish_time            
-----------------------
2009-04-02 13:04:22.670

(1 rows affected)
 
===============================================================================
=          Script dc_00427.sql finished                                =
===============================================================================
 
 
===============================================================================
=          Starting script _add_chis_all_objects.sql                          =
===============================================================================
 
