'instance_name' scripting variable not defined.
'dba_user_pwd' scripting variable not defined.
Changed database context to 'ANGEL_TO_001_TEST4'.
 
===============================================================================
=          Starting script _drop_chis_all_objects.sql                         =
===============================================================================
 
 
===============================================================================
=          Starting script dc_00393.sql                                =
===============================================================================
 
Msg 2714, Level 16, State 6, Server SRV-TS, Line 1
There is already an object named 'CDRV_DRIVER_PLAN_DETAIL' in the database.
Msg 15233, Level 16, State 1, Server SRV-TS, Procedure sp_addextendedproperty, Line 38
Property cannot be added. Property 'MS_Description' already exists for 'dbo.CDRV_DRIVER_PLAN_DETAIL.id'.
Msg 15233, Level 16, State 1, Server SRV-TS, Procedure sp_addextendedproperty, Line 38
Property cannot be added. Property 'MS_Description' already exists for 'dbo.CDRV_DRIVER_PLAN_DETAIL.sys_status'.
Msg 15233, Level 16, State 1, Server SRV-TS, Procedure sp_addextendedproperty, Line 38
Property cannot be added. Property 'MS_Description' already exists for 'dbo.CDRV_DRIVER_PLAN_DETAIL.sys_comment'.
Msg 15233, Level 16, State 1, Server SRV-TS, Procedure sp_addextendedproperty, Line 38
Property cannot be added. Property 'MS_Description' already exists for 'dbo.CDRV_DRIVER_PLAN_DETAIL.sys_date_modified'.
Msg 15233, Level 16, State 1, Server SRV-TS, Procedure sp_addextendedproperty, Line 38
Property cannot be added. Property 'MS_Description' already exists for 'dbo.CDRV_DRIVER_PLAN_DETAIL.sys_date_created'.
Msg 15233, Level 16, State 1, Server SRV-TS, Procedure sp_addextendedproperty, Line 38
Property cannot be added. Property 'MS_Description' already exists for 'dbo.CDRV_DRIVER_PLAN_DETAIL.sys_user_modified'.
Msg 15233, Level 16, State 1, Server SRV-TS, Procedure sp_addextendedproperty, Line 38
Property cannot be added. Property 'MS_Description' already exists for 'dbo.CDRV_DRIVER_PLAN_DETAIL.sys_user_created'.
Msg 15233, Level 16, State 1, Server SRV-TS, Procedure sp_addextendedproperty, Line 38
Property cannot be added. Property 'MS_Description' already exists for 'dbo.CDRV_DRIVER_PLAN_DETAIL.car_id'.
Msg 15233, Level 16, State 1, Server SRV-TS, Procedure sp_addextendedproperty, Line 38
Property cannot be added. Property 'MS_Description' already exists for 'dbo.CDRV_DRIVER_PLAN_DETAIL.date'.
Msg 15233, Level 16, State 1, Server SRV-TS, Procedure sp_addextendedproperty, Line 38
Property cannot be added. Property 'MS_Description' already exists for 'dbo.CDRV_DRIVER_PLAN_DETAIL.time'.
Msg 15233, Level 16, State 1, Server SRV-TS, Procedure sp_addextendedproperty, Line 38
Property cannot be added. Property 'MS_Description' already exists for 'dbo.CDRV_DRIVER_PLAN_DETAIL.employee_id'.
Msg 15233, Level 16, State 1, Server SRV-TS, Procedure sp_addextendedproperty, Line 38
Property cannot be added. Property 'MS_Description' already exists for 'dbo.CDRV_DRIVER_PLAN_DETAIL.shift_number'.
Msg 15233, Level 16, State 1, Server SRV-TS, Procedure sp_addextendedproperty, Line 38
Property cannot be added. Property 'MS_Description' already exists for 'dbo.CDRV_DRIVER_PLAN_DETAIL.comments'.
Msg 15233, Level 16, State 1, Server SRV-TS, Procedure sp_addextendedproperty, Line 38
Property cannot be added. Property 'MS_Description' already exists for 'dbo.CDRV_DRIVER_PLAN_DETAIL'.
Msg 2714, Level 16, State 4, Server SRV-TS, Line 1
There is already an object named 'CDRV_DRIVER_PLAN_DETAIL_CAR_ID_FK' in the database.
Msg 1750, Level 16, State 1, Server SRV-TS, Line 1
Could not create constraint. See previous errors.
Msg 2714, Level 16, State 4, Server SRV-TS, Line 1
There is already an object named 'CDRV_DRIVER_PLAN_DETAIL_EMP_ID_FK' in the database.
Msg 1750, Level 16, State 1, Server SRV-TS, Line 1
Could not create constraint. See previous errors.
Msg 1913, Level 16, State 1, Server SRV-TS, Line 2
The operation failed because an index or statistics with name 'u_cdrv_driver_plan_detail_car_id_emp_id_datetime' already exists on table 'dbo.CDRV_DRIVER_PLAN_DETAIL'.
Msg 1913, Level 16, State 1, Server SRV-TS, Line 2
The operation failed because an index or statistics with name 'ifk_cdrv_driver_plan_detail_car_id' already exists on table 'dbo.CDRV_DRIVER_PLAN_DETAIL'.
Msg 1913, Level 16, State 1, Server SRV-TS, Line 3
The operation failed because an index or statistics with name 'ifk_cdrv_driver_plan_detail_emp_id' already exists on table 'dbo.CDRV_DRIVER_PLAN_DETAIL'.
Msg 2714, Level 16, State 6, Server SRV-TS, Line 1
There is already an object named 'CCAR_CAR_RETURN_REASON_TYPE' in the database.
Msg 15233, Level 16, State 1, Server SRV-TS, Procedure sp_addextendedproperty, Line 38
Property cannot be added. Property 'MS_Description' already exists for 'dbo.CCAR_CAR_RETURN_REASON_TYPE.id'.
Msg 15233, Level 16, State 1, Server SRV-TS, Procedure sp_addextendedproperty, Line 38
Property cannot be added. Property 'MS_Description' already exists for 'dbo.CCAR_CAR_RETURN_REASON_TYPE.sys_status'.
Msg 15233, Level 16, State 1, Server SRV-TS, Procedure sp_addextendedproperty, Line 38
Property cannot be added. Property 'MS_Description' already exists for 'dbo.CCAR_CAR_RETURN_REASON_TYPE.sys_comment'.
Msg 15233, Level 16, State 1, Server SRV-TS, Procedure sp_addextendedproperty, Line 38
Property cannot be added. Property 'MS_Description' already exists for 'dbo.CCAR_CAR_RETURN_REASON_TYPE.sys_date_modified'.
Msg 15233, Level 16, State 1, Server SRV-TS, Procedure sp_addextendedproperty, Line 38
Property cannot be added. Property 'MS_Description' already exists for 'dbo.CCAR_CAR_RETURN_REASON_TYPE.sys_date_created'.
Msg 15233, Level 16, State 1, Server SRV-TS, Procedure sp_addextendedproperty, Line 38
Property cannot be added. Property 'MS_Description' already exists for 'dbo.CCAR_CAR_RETURN_REASON_TYPE.sys_user_modified'.
Msg 15233, Level 16, State 1, Server SRV-TS, Procedure sp_addextendedproperty, Line 38
Property cannot be added. Property 'MS_Description' already exists for 'dbo.CCAR_CAR_RETURN_REASON_TYPE.sys_user_created'.
Msg 15233, Level 16, State 1, Server SRV-TS, Procedure sp_addextendedproperty, Line 38
Property cannot be added. Property 'MS_Description' already exists for 'dbo.CCAR_CAR_RETURN_REASON_TYPE.short_name'.
Msg 15233, Level 16, State 1, Server SRV-TS, Procedure sp_addextendedproperty, Line 38
Property cannot be added. Property 'MS_Description' already exists for 'dbo.CCAR_CAR_RETURN_REASON_TYPE.full_name'.
Msg 15233, Level 16, State 1, Server SRV-TS, Procedure sp_addextendedproperty, Line 38
Property cannot be added. Property 'MS_Description' already exists for 'dbo.CCAR_CAR_RETURN_REASON_TYPE'.
Msg 1913, Level 16, State 1, Server SRV-TS, Line 2
The operation failed because an index or statistics with name 'u_CCAR_CAR_RETURN_REASON_TYPE_short_name' already exists on table 'dbo.CCAR_CAR_RETURN_REASON_TYPE'.
Msg 2714, Level 16, State 6, Server SRV-TS, Line 1
There is already an object named 'CCAR_CAR_RETURN' in the database.
Msg 15233, Level 16, State 1, Server SRV-TS, Procedure sp_addextendedproperty, Line 38
Property cannot be added. Property 'MS_Description' already exists for 'dbo.CCAR_CAR_RETURN.id'.
Msg 15233, Level 16, State 1, Server SRV-TS, Procedure sp_addextendedproperty, Line 38
Property cannot be added. Property 'MS_Description' already exists for 'dbo.CCAR_CAR_RETURN.sys_status'.
Msg 15233, Level 16, State 1, Server SRV-TS, Procedure sp_addextendedproperty, Line 38
Property cannot be added. Property 'MS_Description' already exists for 'dbo.CCAR_CAR_RETURN.sys_comment'.
Msg 15233, Level 16, State 1, Server SRV-TS, Procedure sp_addextendedproperty, Line 38
Property cannot be added. Property 'MS_Description' already exists for 'dbo.CCAR_CAR_RETURN.sys_date_modified'.
Msg 15233, Level 16, State 1, Server SRV-TS, Procedure sp_addextendedproperty, Line 38
Property cannot be added. Property 'MS_Description' already exists for 'dbo.CCAR_CAR_RETURN.sys_date_created'.
Msg 15233, Level 16, State 1, Server SRV-TS, Procedure sp_addextendedproperty, Line 38
Property cannot be added. Property 'MS_Description' already exists for 'dbo.CCAR_CAR_RETURN.sys_user_modified'.
Msg 15233, Level 16, State 1, Server SRV-TS, Procedure sp_addextendedproperty, Line 38
Property cannot be added. Property 'MS_Description' already exists for 'dbo.CCAR_CAR_RETURN.sys_user_created'.
Msg 15233, Level 16, State 1, Server SRV-TS, Procedure sp_addextendedproperty, Line 38
Property cannot be added. Property 'MS_Description' already exists for 'dbo.CCAR_CAR_RETURN.car_id'.
Msg 15233, Level 16, State 1, Server SRV-TS, Procedure sp_addextendedproperty, Line 38
Property cannot be added. Property 'MS_Description' already exists for 'dbo.CCAR_CAR_RETURN.date_created'.
Msg 15233, Level 16, State 1, Server SRV-TS, Procedure sp_addextendedproperty, Line 38
Property cannot be added. Property 'MS_Description' already exists for 'dbo.CCAR_CAR_RETURN.car_return_reason_type_id'.
Msg 15233, Level 16, State 1, Server SRV-TS, Procedure sp_addextendedproperty, Line 38
Property cannot be added. Property 'MS_Description' already exists for 'dbo.CCAR_CAR_RETURN'.
Msg 2714, Level 16, State 4, Server SRV-TS, Line 2
There is already an object named 'CCAR_CAR_RETURN_CAR_ID_FK' in the database.
Msg 1750, Level 16, State 1, Server SRV-TS, Line 2
Could not create constraint. See previous errors.
Msg 2714, Level 16, State 4, Server SRV-TS, Line 1
There is already an object named 'CCAR_CAR_RETURN_REASON_TYPE_ID_FK' in the database.
Msg 1750, Level 16, State 1, Server SRV-TS, Line 1
Could not create constraint. See previous errors.
Msg 1913, Level 16, State 1, Server SRV-TS, Line 2
The operation failed because an index or statistics with name 'u_CCAR_CAR_RETURN_car_id_date_created_reason_type_id' already exists on table 'dbo.CCAR_CAR_RETURN'.
Msg 1913, Level 16, State 1, Server SRV-TS, Line 3
The operation failed because an index or statistics with name 'ifk_CCAR_CAR_RETURN_car_id' already exists on table 'dbo.CCAR_CAR_RETURN'.
Msg 1913, Level 16, State 1, Server SRV-TS, Line 3
The operation failed because an index or statistics with name 'ifk_CCAR_CAR_RETURN_return_type_id' already exists on table 'dbo.CCAR_CAR_RETURN'.
 
===============================================================================
=          Registering devchange                                              =
===============================================================================
 
Registering devchange.
Msg 2627, Level 14, State 1, Server SRV-TS, Line 2
Violation of PRIMARY KEY constraint 'SYS_DC_PK'. Cannot insert duplicate key in object 'dbo.sys_dc'.
The statement has been terminated.
 
finish_time            
-----------------------
2009-04-02 12:56:14.090

(1 rows affected)
 
===============================================================================
=          Script dc_00393.sql finished                                =
===============================================================================
 
 
===============================================================================
=          Starting script _add_chis_all_objects.sql                          =
===============================================================================
 
