Контекст базы данных изменен на "ANGEL_TO_001_DEV".
 
===============================================================================
=          Starting script dc_00249.sql                                =
===============================================================================
 
start_time             
-----------------------
2008-06-15 16:51:56.733

(1 rows affected)
 
user                                                                                                                            
--------------------------------------------------------------------------------------------------------------------------------
ANGEL_TO_001_DEV_ADMIN                                                                                                          

(1 rows affected)
Msg 207, Level 16, State 1, Server POLUS-LAPTOP\SQLEXPRESS, Procedure TRIUD_CDRV_DRIVER_LIST_REPORT, Line 86
Недопустимое имя столбца "last_date_created".
Msg 207, Level 16, State 1, Server POLUS-LAPTOP\SQLEXPRESS, Procedure TRIUD_CDRV_DRIVER_LIST_REPORT, Line 128
Недопустимое имя столбца "last_date_created".
количество путевых листов:
           
-----------
          0

(1 rows affected)
 
Запуск синхронизации:
Msg 3701, Level 11, State 5, Server POLUS-LAPTOP\SQLEXPRESS, Line 2
Не удалось удалить триггер "TRIUD_CDRV_DRIVER_LIST_REPORT", так как он не существует или отсутствуют разрешения.
 
===============================================================================
=          Registering devchange                                              =
===============================================================================
 
Registering devchange.

(1 rows affected)
 
finish_time            
-----------------------
2008-06-15 16:51:57.217

(1 rows affected)
 
===============================================================================
=          Script dc_00249.sql finished                                =
===============================================================================
 
