Контекст базы данных изменен на "ANGEL_TO_001_DEV".
 
===============================================================================
=          Starting script dc_00257.sql                                =
===============================================================================
 
start_time             
-----------------------
2008-06-15 16:52:03.090

(1 rows affected)
 
user                                                                                                                            
--------------------------------------------------------------------------------------------------------------------------------
ANGEL_TO_001_DEV_ADMIN                                                                                                          

(1 rows affected)
HResult 0x1DB1, Level 16, State 2
Использование предикатов CONTAINS и FREETEXT для табличное или индексированное представление "dbo.CWRH_GOOD_CATEGORY" невозможно из-за отсутствия полнотекстового индекса.
HResult 0x1DB1, Level 16, State 2
Использование предикатов CONTAINS и FREETEXT для табличное или индексированное представление "dbo.CWRH_GOOD_CATEGORY" невозможно из-за отсутствия полнотекстового индекса.
 
===============================================================================
=          Registering devchange                                              =
===============================================================================
 
Registering devchange.

(1 rows affected)
 
finish_time            
-----------------------
2008-06-15 16:52:03.763

(1 rows affected)
 
===============================================================================
=          Script dc_00257.sql finished                                =
===============================================================================
 
