'instance_name' scripting variable not defined.
'dba_user_pwd' scripting variable not defined.
Changed database context to 'ANGEL_TO_001_TEST4'.
 
===============================================================================
=          Starting script _drop_chis_all_objects.sql                         =
===============================================================================
 
 
===============================================================================
=          Starting script dc_00407.sql                                =
===============================================================================
 
Msg 2714, Level 16, State 3, Server SRV-TS, Procedure uspVREP_SUM_ORDER_SelectAll, Line 222
There is already an object named 'uspVREP_SUM_ORDER_SelectAll' in the database.
Msg 2714, Level 16, State 3, Server SRV-TS, Procedure uspVREP_COUNT_CAR_SelectAll, Line 118
There is already an object named 'uspVREP_COUNT_CAR_SelectAll' in the database.
 
===============================================================================
=          Registering devchange                                              =
===============================================================================
 
Registering devchange.
Msg 2627, Level 14, State 1, Server SRV-TS, Line 2
Violation of PRIMARY KEY constraint 'SYS_DC_PK'. Cannot insert duplicate key in object 'dbo.sys_dc'.
The statement has been terminated.
 
finish_time            
-----------------------
2009-04-02 13:00:03.590

(1 rows affected)
 
===============================================================================
=          Script dc_00407.sql finished                                =
===============================================================================
 
 
===============================================================================
=          Starting script _add_chis_all_objects.sql                          =
===============================================================================
 
