'instance_name' scripting variable not defined.
'dba_user_pwd' scripting variable not defined.
Changed database context to 'ANGEL_TO_001_TEST5'.
 
===============================================================================
=          Starting script _drop_chis_all_objects.sql                         =
===============================================================================
 
 
===============================================================================
=          Starting script dc_00479.sql                                =
===============================================================================
 
Msg 208, Level 16, State 6, Server SRV-TS, Procedure uspVREP_WRH_ORDER_REPAIR_TYPE_COUNT_SUM_SelectAll, Line 210
Invalid object name 'dbo.uspVREP_WRH_ORDER_REPAIR_TYPE_COUNT_SUM_SelectAll'.
 
===============================================================================
=          Registering devchange                                              =
===============================================================================
 
Registering devchange.

(1 rows affected)
 
finish_time            
-----------------------
2009-07-14 19:04:46.483

(1 rows affected)
 
===============================================================================
=          Script dc_00479.sql finished                                =
===============================================================================
 
