'instance_name' scripting variable not defined.
'dba_user_pwd' scripting variable not defined.
Changed database context to 'ANGEL_TO_001_TEST5'.
 
===============================================================================
=          Starting script _drop_chis_all_objects.sql                         =
===============================================================================
 
 
===============================================================================
=          Starting script dc_00472.sql                                =
===============================================================================
 
Msg 3701, Level 11, State 5, Server SRV-TS, Line 4
Cannot drop the trigger 'TAIUD_CWRH_ORDER_MASTER_REPAIR_TYPE_MASTER', because it does not exist or you do not have permission.
 
===============================================================================
=          Registering devchange                                              =
===============================================================================
 
Registering devchange.

(1 rows affected)
 
finish_time            
-----------------------
2009-06-10 09:55:57.390

(1 rows affected)
 
===============================================================================
=          Script dc_00472.sql finished                                =
===============================================================================
 
