'instance_name' scripting variable not defined.
'dba_user_pwd' scripting variable not defined.
Changed database context to 'ANGEL_TO_001_TEST4'.
 
===============================================================================
=          Starting script _drop_chis_all_objects.sql                         =
===============================================================================
 
 
===============================================================================
=          Starting script dc_00419.sql                                =
===============================================================================
 
Msg 15135, Level 16, State 2, Server SRV-TS, Procedure sp_addextendedproperty, Line 38
Object is invalid. Extended properties are not permitted on 'ANGEL_TO_001_TEST_OWNER4.cwrh_wrh_income_master.is_verified', or the object does not exist.
Msg 15135, Level 16, State 2, Server SRV-TS, Procedure sp_addextendedproperty, Line 38
Object is invalid. Extended properties are not permitted on 'ANGEL_TO_001_TEST_OWNER4.cwrh_wrh_demand_master.is_verified', or the object does not exist.

(440 rows affected)

(1812 rows affected)
 
===============================================================================
=          Registering devchange                                              =
===============================================================================
 
Registering devchange.

(1 rows affected)
 
finish_time            
-----------------------
2009-04-02 13:02:40.497

(1 rows affected)
 
===============================================================================
=          Script dc_00419.sql finished                                =
===============================================================================
 
 
===============================================================================
=          Starting script _add_chis_all_objects.sql                          =
===============================================================================
 
