'instance_name' scripting variable not defined.
'dba_user_pwd' scripting variable not defined.
Changed database context to 'ANGEL_TO_001_TEST4'.
 
===============================================================================
=          Starting script dc_00399.sql                                =
===============================================================================
 
Msg 2627, Level 14, State 1, Server SRV-TS, Line 3
Violation of PRIMARY KEY constraint 'csys_const_pk'. Cannot insert duplicate key in object 'dbo.csys_const'.
The statement has been terminated.
 
===============================================================================
=          Registering devchange                                              =
===============================================================================
 
Registering devchange.
Msg 2627, Level 14, State 1, Server SRV-TS, Line 2
Violation of PRIMARY KEY constraint 'SYS_DC_PK'. Cannot insert duplicate key in object 'dbo.sys_dc'.
The statement has been terminated.
 
finish_time            
-----------------------
2009-04-02 12:57:56.860

(1 rows affected)
 
===============================================================================
=          Script dc_00399.sql finished                                =
===============================================================================
 
