'instance_name' scripting variable not defined.
'dba_user_pwd' scripting variable not defined.
Changed database context to 'ANGEL_TO_001_TEST4'.
 
===============================================================================
=          Starting script _drop_chis_all_objects.sql                         =
===============================================================================
 
Dropping trigger "TIUD_CLOC_LOCATION_LINK_HIS_ALL"...
...trigger "TIUD_CLOC_LOCATION_LINK_HIS_ALL" dropped.
Dropping trigger "TIUD_CWRH_WRH_ORDER_MASTER_HIS_ALL"...
...trigger "TIUD_CWRH_WRH_ORDER_MASTER_HIS_ALL" dropped.
Dropping trigger "TIUD_CLOC_LOCATION_TYPE_HIS_ALL"...
...trigger "TIUD_CLOC_LOCATION_TYPE_HIS_ALL" dropped.
Dropping trigger "TIUD_CCAR_TS_TYPE_RELATION_HIS_ALL"...
...trigger "TIUD_CCAR_TS_TYPE_RELATION_HIS_ALL" dropped.
Dropping trigger "TIUD_CCAR_REPAIR_TYPE_RELATION_HIS_ALL"...
...trigger "TIUD_CCAR_REPAIR_TYPE_RELATION_HIS_ALL" dropped.
Dropping trigger "TIUD_CCAR_TS_TYPE_MASTER_HIS_ALL"...
...trigger "TIUD_CCAR_TS_TYPE_MASTER_HIS_ALL" dropped.
Dropping trigger "TIUD_CLOC_REGION_HIS_ALL"...
...trigger "TIUD_CLOC_REGION_HIS_ALL" dropped.
Dropping trigger "TIUD_CDRV_MONTH_PLAN_HIS_ALL"...
...trigger "TIUD_CDRV_MONTH_PLAN_HIS_ALL" dropped.
Dropping trigger "TIUD_CCAR_TS_TYPE_ROUTE_DETAIL_HIS_ALL"...
...trigger "TIUD_CCAR_TS_TYPE_ROUTE_DETAIL_HIS_ALL" dropped.
Dropping trigger "TIUD_CDEV_DEVICE_HIS_ALL"...
...trigger "TIUD_CDEV_DEVICE_HIS_ALL" dropped.
Dropping trigger "TIUD_CLOC_SETTLEMENT_HIS_ALL"...
...trigger "TIUD_CLOC_SETTLEMENT_HIS_ALL" dropped.
Dropping trigger "TIUD_CDRV_DRIVER_PLAN_HIS_ALL"...
...trigger "TIUD_CDRV_DRIVER_PLAN_HIS_ALL" dropped.
Dropping trigger "TIUD_CCAR_TS_TYPE_ROUTE_MASTER_HIS_ALL"...
...trigger "TIUD_CCAR_TS_TYPE_ROUTE_MASTER_HIS_ALL" dropped.
Dropping trigger "TIUD_CDRV_CONTROL_TYPE_HIS_ALL"...
...trigger "TIUD_CDRV_CONTROL_TYPE_HIS_ALL" dropped.
Dropping trigger "TIUD_CPRT_EMPLOYEE_TYPE_HIS_ALL"...
...trigger "TIUD_CPRT_EMPLOYEE_TYPE_HIS_ALL" dropped.
Dropping trigger "TIUD_CLOC_STATE_HIS_ALL"...
...trigger "TIUD_CLOC_STATE_HIS_ALL" dropped.
Dropping trigger "TIUD_CRPR_REPAIR_TYPE_MASTER_HIS_ALL"...
...trigger "TIUD_CRPR_REPAIR_TYPE_MASTER_HIS_ALL" dropped.
Dropping trigger "TIUD_CDRV_DRIVER_CONTROL_HIS_ALL"...
...trigger "TIUD_CDRV_DRIVER_CONTROL_HIS_ALL" dropped.
Dropping trigger "TIUD_CPRT_EMPLOYEE_EVENT_HIS_ALL"...
...trigger "TIUD_CPRT_EMPLOYEE_EVENT_HIS_ALL" dropped.
Dropping trigger "TIUD_CLOC_STREET_HIS_ALL"...
...trigger "TIUD_CLOC_STREET_HIS_ALL" dropped.
Dropping trigger "TIUD_CRPR_REPAIR_ZONE_DETAIL_HIS_ALL"...
...trigger "TIUD_CRPR_REPAIR_ZONE_DETAIL_HIS_ALL" dropped.
Dropping trigger "TIUD_CDRV_DRIVER_LIST_HIS_ALL"...
...trigger "TIUD_CDRV_DRIVER_LIST_HIS_ALL" dropped.
Dropping trigger "TIUD_CUSR_AUTHENTICATION_HIS_ALL"...
...trigger "TIUD_CUSR_AUTHENTICATION_HIS_ALL" dropped.
Dropping trigger "TIUD_CNOT_NOTE_HIS_ALL"...
...trigger "TIUD_CNOT_NOTE_HIS_ALL" dropped.
Dropping trigger "TIUD_CRPR_REPAIR_ZONE_MASTER_HIS_ALL"...
...trigger "TIUD_CRPR_REPAIR_ZONE_MASTER_HIS_ALL" dropped.
Dropping trigger "TIUD_CRPR_REPAIR_BILL_MASTER_HIS_ALL"...
...trigger "TIUD_CRPR_REPAIR_BILL_MASTER_HIS_ALL" dropped.
Dropping trigger "TIUD_CNOT_NOTE_LINK_HIS_ALL"...
...trigger "TIUD_CNOT_NOTE_LINK_HIS_ALL" dropped.
Dropping trigger "TIUD_CWRH_GOOD_CATEGORY_HIS_ALL"...
...trigger "TIUD_CWRH_GOOD_CATEGORY_HIS_ALL" dropped.
Dropping trigger "TIUD_CCAR_FUEL_MODEL_HIS_ALL"...
...trigger "TIUD_CCAR_FUEL_MODEL_HIS_ALL" dropped.
Dropping trigger "TIUD_CDRV_DRIVER_LIST_STATE_HIS_ALL"...
...trigger "TIUD_CDRV_DRIVER_LIST_STATE_HIS_ALL" dropped.
Dropping trigger "TIUD_CDRV_DRIVER_PLAN_DETAIL2_HIS_ALL"...
...trigger "TIUD_CDRV_DRIVER_PLAN_DETAIL2_HIS_ALL" dropped.
Dropping trigger "TIUD_CNOT_NOTE_TYPE_HIS_ALL"...
...trigger "TIUD_CNOT_NOTE_TYPE_HIS_ALL" dropped.
Dropping trigger "TIUD_CRPR_REPAIR_TYPE_DETAIL_HIS_ALL"...
...trigger "TIUD_CRPR_REPAIR_TYPE_DETAIL_HIS_ALL" dropped.
Dropping trigger "TIUD_CRPR_REPAIR_BILL_DETAIL_HIS_ALL"...
...trigger "TIUD_CRPR_REPAIR_BILL_DETAIL_HIS_ALL" dropped.
Dropping trigger "TIUD_CCAR_CAR_HIS_ALL"...
...trigger "TIUD_CCAR_CAR_HIS_ALL" dropped.
Dropping trigger "TIUD_CWRH_GOOD_CATEGORY_PRICE_HIS_ALL"...
...trigger "TIUD_CWRH_GOOD_CATEGORY_PRICE_HIS_ALL" dropped.
Dropping trigger "TIUD_CDRV_DRIVER_LIST_TYPE_HIS_ALL"...
...trigger "TIUD_CDRV_DRIVER_LIST_TYPE_HIS_ALL" dropped.
Dropping trigger "TIUD_CCAR_CAR_KIND_HIS_ALL"...
...trigger "TIUD_CCAR_CAR_KIND_HIS_ALL" dropped.
Dropping trigger "TIUD_CWRH_WRH_DEMAND_MASTER_TYPE_HIS_ALL"...
...trigger "TIUD_CWRH_WRH_DEMAND_MASTER_TYPE_HIS_ALL" dropped.
Dropping trigger "TIUD_CPRT_EMPLOYEE_HIS_ALL"...
...trigger "TIUD_CPRT_EMPLOYEE_HIS_ALL" dropped.
Dropping trigger "TIUD_CWRH_GOOD_CATEGORY_TYPE_HIS_ALL"...
...trigger "TIUD_CWRH_GOOD_CATEGORY_TYPE_HIS_ALL" dropped.
Dropping trigger "TIUD_CCAR_CAR_MARK_HIS_ALL"...
...trigger "TIUD_CCAR_CAR_MARK_HIS_ALL" dropped.
Dropping trigger "TIUD_CDRV_TRAILER_HIS_ALL"...
...trigger "TIUD_CDRV_TRAILER_HIS_ALL" dropped.
Dropping trigger "TIUD_CPRT_GROUP_HIS_ALL"...
...trigger "TIUD_CPRT_GROUP_HIS_ALL" dropped.
Dropping trigger "TIUD_CWRH_WAREHOUSE_ITEM_HIS_ALL"...
...trigger "TIUD_CWRH_WAREHOUSE_ITEM_HIS_ALL" dropped.
Dropping trigger "TIUD_CCAR_CAR_MODEL_HIS_ALL"...
...trigger "TIUD_CCAR_CAR_MODEL_HIS_ALL" dropped.
Dropping trigger "TIUD_CPRT_ORGANIZATION_HIS_ALL"...
...trigger "TIUD_CPRT_ORGANIZATION_HIS_ALL" dropped.
Dropping trigger "TIUD_CWRH_WAREHOUSE_TYPE_HIS_ALL"...
...trigger "TIUD_CWRH_WAREHOUSE_TYPE_HIS_ALL" dropped.
Dropping trigger "TIUD_CCAR_CAR_STATE_HIS_ALL"...
...trigger "TIUD_CCAR_CAR_STATE_HIS_ALL" dropped.
Dropping trigger "TIUD_CRPR_REPAIR_TYPE_MASTER_KIND_HIS_ALL"...
...trigger "TIUD_CRPR_REPAIR_TYPE_MASTER_KIND_HIS_ALL" dropped.
Dropping trigger "TIUD_CDRV_DRIVER_PLAN_DETAIL_HIS_ALL"...
...trigger "TIUD_CDRV_DRIVER_PLAN_DETAIL_HIS_ALL" dropped.
Dropping trigger "TIUD_CPRT_PARTY_HIS_ALL"...
...trigger "TIUD_CPRT_PARTY_HIS_ALL" dropped.
Dropping trigger "TIUD_CCAR_CAR_TYPE_HIS_ALL"...
...trigger "TIUD_CCAR_CAR_TYPE_HIS_ALL" dropped.
Dropping trigger "TIUD_CLOC_ABBREVIATION_HIS_ALL"...
...trigger "TIUD_CLOC_ABBREVIATION_HIS_ALL" dropped.
Dropping trigger "TIUD_CCAR_CAR_RETURN_REASON_TYPE_HIS_ALL"...
...trigger "TIUD_CCAR_CAR_RETURN_REASON_TYPE_HIS_ALL" dropped.
Dropping trigger "TIUD_CPRT_PERSON_HIS_ALL"...
...trigger "TIUD_CPRT_PERSON_HIS_ALL" dropped.
Dropping trigger "TIUD_CWRH_WRH_DEMAND_MASTER_HIS_ALL"...
...trigger "TIUD_CWRH_WRH_DEMAND_MASTER_HIS_ALL" dropped.
Dropping trigger "TIUD_CCAR_FUEL_TYPE_HIS_ALL"...
...trigger "TIUD_CCAR_FUEL_TYPE_HIS_ALL" dropped.
Dropping trigger "TIUD_CLOC_COUNTRY_HIS_ALL"...
...trigger "TIUD_CLOC_COUNTRY_HIS_ALL" dropped.
Dropping trigger "TIUD_CCAR_CAR_RETURN_HIS_ALL"...
...trigger "TIUD_CCAR_CAR_RETURN_HIS_ALL" dropped.
Dropping trigger "TIUD_CCAR_ADDTNL_TS_TYPE_MASTER_HIS_ALL"...
...trigger "TIUD_CCAR_ADDTNL_TS_TYPE_MASTER_HIS_ALL" dropped.
Dropping trigger "TIUD_CPRT_USER_HIS_ALL"...
...trigger "TIUD_CPRT_USER_HIS_ALL" dropped.
Dropping trigger "TIUD_CWRH_WRH_ORDER_MASTER_TYPE_HIS_ALL"...
...trigger "TIUD_CWRH_WRH_ORDER_MASTER_TYPE_HIS_ALL" dropped.
Dropping trigger "TIUD_CWRH_WRH_INCOME_DETAIL_HIS_ALL"...
...trigger "TIUD_CWRH_WRH_INCOME_DETAIL_HIS_ALL" dropped.
Dropping trigger "TIUD_CLOC_DISTRICT_HIS_ALL"...
...trigger "TIUD_CLOC_DISTRICT_HIS_ALL" dropped.
Dropping trigger "TIUD_CPRT_USER_GROUP_HIS_ALL"...
...trigger "TIUD_CPRT_USER_GROUP_HIS_ALL" dropped.
Dropping trigger "TIUD_CWRH_WRH_INCOME_MASTER_HIS_ALL"...
...trigger "TIUD_CWRH_WRH_INCOME_MASTER_HIS_ALL" dropped.
Dropping trigger "TIUD_CWRH_ORDER_MASTER_REPAIR_TYPE_MASTER_HIS_ALL"...
...trigger "TIUD_CWRH_ORDER_MASTER_REPAIR_TYPE_MASTER_HIS_ALL" dropped.
Dropping trigger "TIUD_CLOC_LOCATION_HIS_ALL"...
...trigger "TIUD_CLOC_LOCATION_HIS_ALL" dropped.
Dropping trigger "TIUD_CCAR_CONDITION_HIS_ALL"...
...trigger "TIUD_CCAR_CONDITION_HIS_ALL" dropped.
Dropping trigger "TIUD_CWRH_WRH_ORDER_DETAIL_HIS_ALL"...
...trigger "TIUD_CWRH_WRH_ORDER_DETAIL_HIS_ALL" dropped.
Dropping trigger "TIUD_CSYS_CONST_HIS_ALL"...
...trigger "TIUD_CSYS_CONST_HIS_ALL" dropped.
 
===============================================================================
=          Starting script dc_00402.sql                                =
===============================================================================
 
Msg 2714, Level 16, State 3, Server SRV-TS, Procedure utfVCAR_CAR_EXITByDate, Line 33
There is already an object named 'utfVCAR_CAR_EXITByDate' in the database.
 
===============================================================================
=          Registering devchange                                              =
===============================================================================
 
Registering devchange.

(1 rows affected)
 
finish_time            
-----------------------
2009-04-02 12:59:12.013

(1 rows affected)
 
===============================================================================
=          Script dc_00402.sql finished                                =
===============================================================================
 
 
===============================================================================
=          Starting script _add_chis_all_objects.sql                          =
===============================================================================
 
