Контекст базы данных изменен на "ANGEL_TO_001_DEV".
 
===============================================================================
=          Starting script dc_00303.sql                                =
===============================================================================
 
start_time             
-----------------------
2008-06-15 16:55:15.827

(1 rows affected)
 
user                                                                                                                            
--------------------------------------------------------------------------------------------------------------------------------
ANGEL_TO_001_DEV_ADMIN                                                                                                          

(1 rows affected)
 
===============================================================================
=          Registering devchange                                              =
===============================================================================
 
Registering devchange.

(1 rows affected)
 
finish_time            
-----------------------
2008-06-15 16:55:16.107

(1 rows affected)
 
===============================================================================
=          Script dc_00303.sql finished                                =
===============================================================================
 
