Контекст базы данных изменен на "ANGEL_TO_001_DEV".
 
===============================================================================
=          Starting script dc_00258.sql                                =
===============================================================================
 
start_time             
-----------------------
2008-06-15 16:52:04.233

(1 rows affected)
 
user                                                                                                                            
--------------------------------------------------------------------------------------------------------------------------------
ANGEL_TO_001_DEV_ADMIN                                                                                                          

(1 rows affected)
Msg 15135, Level 16, State 15, Server POLUS-LAPTOP\SQLEXPRESS, Procedure sp_addextendedproperty, Line 37
Недопустимый объект. Для "dbo.CREP_CAR_MONTH.speedometer_start_indctn" не разрешены расширенные свойства, либо объект не существует.
Msg 15135, Level 16, State 15, Server POLUS-LAPTOP\SQLEXPRESS, Procedure sp_addextendedproperty, Line 37
Недопустимый объект. Для "dbo.CREP_CAR_MONTH.speedometer_end_indctn" не разрешены расширенные свойства, либо объект не существует.

(1 rows affected)

(1 rows affected)
 
===============================================================================
=          Registering devchange                                              =
===============================================================================
 
Registering devchange.

(1 rows affected)
 
finish_time            
-----------------------
2008-06-15 16:52:05.747

(1 rows affected)
 
===============================================================================
=          Script dc_00258.sql finished                                =
===============================================================================
 
