'instance_name' scripting variable not defined.
'dba_user_pwd' scripting variable not defined.
Changed database context to 'ANGEL_TO_001_TEST4'.
 
===============================================================================
=          Starting script _drop_chis_all_objects.sql                         =
===============================================================================
 
 
===============================================================================
=          Starting script dc_00403.sql                                =
===============================================================================
 
Msg 2714, Level 16, State 3, Server SRV-TS, Procedure utfVREP_WRH_INCOME_MASTER, Line 23
There is already an object named 'utfVREP_WRH_INCOME_MASTER' in the database.
Msg 2714, Level 16, State 3, Server SRV-TS, Procedure uspVREP_WRH_INCOME_MASTER_SelectAll, Line 52
There is already an object named 'uspVREP_WRH_INCOME_MASTER_SelectAll' in the database.
 
===============================================================================
=          Registering devchange                                              =
===============================================================================
 
Registering devchange.
Msg 2627, Level 14, State 1, Server SRV-TS, Line 2
Violation of PRIMARY KEY constraint 'SYS_DC_PK'. Cannot insert duplicate key in object 'dbo.sys_dc'.
The statement has been terminated.
 
finish_time            
-----------------------
2009-04-02 12:59:22.420

(1 rows affected)
 
===============================================================================
=          Script dc_00403.sql finished                                =
===============================================================================
 
 
===============================================================================
=          Starting script _add_chis_all_objects.sql                          =
===============================================================================
 
